<?xml version="1.0" encoding="UTF-8"?>
<!-- Generated by org.testng.reporters.JUnitReportReporter -->
<testsuite skipped="0" hostname="sys" name="cucumberOptions.TestRunner" tests="1" failures="0" timestamp="2020-07-15T15:46:31 CDT" time="43.989" errors="0">
  <testcase name="feature" time="43.989" classname="cucumberOptions.TestRunner"/>
</testsuite> <!-- cucumberOptions.TestRunner -->
