<?xml version="1.0" encoding="UTF-8"?>
<!-- Generated by org.testng.reporters.JUnitReportReporter -->
<testsuite skipped="0" hostname="sys" name="rahulshettyAcademy.HomePage" tests="2" failures="0" timestamp="2020-05-11T06:13:48 CDT" time="10.466" errors="0">
  <testcase name="HomePageNavigation" time="5.482" classname="rahulshettyAcademy.HomePage"/>
  <system-out/>
  <testcase name="HomePageNavigation" time="4.984" classname="rahulshettyAcademy.HomePage"/>
  <system-out/>
</testsuite> <!-- rahulshettyAcademy.HomePage -->
