<?xml version="1.0" encoding="UTF-8"?>
<!-- Generated by org.testng.reporters.JUnitReportReporter -->
<testsuite skipped="0" hostname="sys" name="cucumberOptions.TestRunner" tests="1" failures="0" timestamp="2020-07-15T16:10:20 CDT" time="42.461" errors="0">
  <testcase name="feature" time="42.461" classname="cucumberOptions.TestRunner"/>
  <system-out/>
</testsuite> <!-- cucumberOptions.TestRunner -->
